<?xml version="1.0" encoding="UTF-8"?>
<!-- Generated by org.testng.reporters.JUnitXMLReporter -->
<testsuite ignored="0" hostname="LAPTOP-9TM2J409" failures="1" tests="2" name="Test(failed)" time="14.364" errors="0" timestamp="2024-07-19T16:41:13 IST">
  <testcase classname="BikeBatchExecution.RoyalEnfield" name="LaunchBullet" time="8.425"/>
  <testcase classname="BikeBatchExecution.NinjaBike" name="ZX10R" time="5.879">
    <failure type="java.lang.AssertionError" message="To Expensive">
      <![CDATA[java.lang.AssertionError: To Expensive
at BikeBatchExecution.NinjaBike.ZX10R(NinjaBike.java:15)
at java.base/java.util.ArrayList.forEach(ArrayList.java:1596)
... Removed 26 stack frames]]>
    </failure>
  </testcase> <!-- ZX10R -->
</testsuite> <!-- Test(failed) -->
