<?xml version="1.0" encoding="UTF-8"?>
<!-- Generated by org.testng.reporters.JUnitXMLReporter -->
<testsuite ignored="0" hostname="LAPTOP-9TM2J409" failures="1" tests="1" name="Test(failed)(failed)" time="6.525" errors="0" timestamp="2024-07-20T15:38:38 IST">
  <testcase classname="BikeBatchExecution.NinjaBike" name="ZX10R" time="6.471">
    <failure type="java.lang.AssertionError" message="To Expensive">
      <![CDATA[java.lang.AssertionError: To Expensive
at BikeBatchExecution.NinjaBike.ZX10R(NinjaBike.java:15)
at java.base/java.util.ArrayList.forEach(ArrayList.java:1596)
... Removed 26 stack frames]]>
    </failure>
  </testcase> <!-- ZX10R -->
</testsuite> <!-- Test(failed)(failed) -->
